# JRE version: Java(TM) SE Runtime Environment (8.0_121-b13) (build 1.8.0_121-b13)
# Java VM: Java HotSpot(TM) 64-Bit Server VM (25.121-b13 mixed mode linux-amd64 compressed oops)
Heap:
 PSYoungGen      total 132096K, used 5159K [0x00000000ec000000, 0x00000000f4d00000, 0x0000000100000000)
  eden space 120832K, 0% used [0x00000000ec000000,0x00000000ec000000,0x00000000f3600000)
  from space 11264K, 45% used [0x00000000f3600000,0x00000000f3b09d50,0x00000000f4100000)
  to   space 10240K, 0% used [0x00000000f4100000,0x00000000f4100000,0x00000000f4b00000)
 ParOldGen       total 40960K, used 16417K [0x00000000c4000000, 0x00000000c6800000, 0x00000000ec000000)
  object space 40960K, 40% used [0x00000000c4000000,0x00000000c5008548,0x00000000c6800000)
 Metaspace       used 20726K, capacity 21161K, committed 21296K, reserved 1069056K
  class space    used 2411K, capacity 2560K, committed 2560K, reserved 1048576K
GC Heap History (10 events):
Event: 3.682 GC heap after
Heap after GC invocations=4 (full 0):
 PSYoungGen      total 33280K, used 2560K [0x00000000ec000000, 0x00000000ee300000, 0x0000000100000000)
  eden space 30720K, 0% used [0x00000000ec000000,0x00000000ec000000,0x00000000ede00000)
  from space 2560K, 100% used [0x00000000ee080000,0x00000000ee300000,0x00000000ee300000)
  to   space 2560K, 0% used [0x00000000ede00000,0x00000000ede00000,0x00000000ee080000)
 ParOldGen       total 40960K, used 4166K [0x00000000c4000000, 0x00000000c6800000, 0x00000000ec000000)
  object space 40960K, 10% used [0x00000000c4000000,0x00000000c4411ad0,0x00000000c6800000)
 Metaspace       used 11199K, capacity 11330K, committed 11520K, reserved 1058816K
  class space    used 1397K, capacity 1475K, committed 1536K, reserved 1048576K
}
Event: 6.083 GC heap before
{Heap before GC invocations=5 (full 0):
 PSYoungGen      total 33280K, used 33280K [0x00000000ec000000, 0x00000000ee300000, 0x0000000100000000)
  eden space 30720K, 100% used [0x00000000ec000000,0x00000000ede00000,0x00000000ede00000)
  from space 2560K, 100% used [0x00000000ee080000,0x00000000ee300000,0x00000000ee300000)
  to   space 2560K, 0% used [0x00000000ede00000,0x00000000ede00000,0x00000000ee080000)
 ParOldGen       total 40960K, used 4166K [0x00000000c4000000, 0x00000000c6800000, 0x00000000ec000000)
  object space 40960K, 10% used [0x00000000c4000000,0x00000000c4411ad0,0x00000000c6800000)
 Metaspace       used 14844K, capacity 15062K, committed 15360K, reserved 1062912K
  class space    used 1828K, capacity 1937K, committed 2048K, reserved 1048576K
Event: 6.144 GC heap after
Heap after GC invocations=5 (full 0):
 PSYoungGen      total 33280K, used 2560K [0x00000000ec000000, 0x00000000f0a00000, 0x0000000100000000)
  eden space 30720K, 0% used [0x00000000ec000000,0x00000000ec000000,0x00000000ede00000)
  from space 2560K, 100% used [0x00000000ede00000,0x00000000ee080000,0x00000000ee080000)
  to   space 7168K, 0% used [0x00000000f0300000,0x00000000f0300000,0x00000000f0a00000)
 ParOldGen       total 40960K, used 8634K [0x00000000c4000000, 0x00000000c6800000, 0x00000000ec000000)
  object space 40960K, 21% used [0x00000000c4000000,0x00000000c486e898,0x00000000c6800000)
 Metaspace       used 14844K, capacity 15062K, committed 15360K, reserved 1062912K
  class space    used 1828K, capacity 1937K, committed 2048K, reserved 1048576K
}
Event: 7.770 GC heap before
{Heap before GC invocations=6 (full 0):
 PSYoungGen      total 33280K, used 33280K [0x00000000ec000000, 0x00000000f0a00000, 0x0000000100000000)
  eden space 30720K, 100% used [0x00000000ec000000,0x00000000ede00000,0x00000000ede00000)
  from space 2560K, 100% used [0x00000000ede00000,0x00000000ee080000,0x00000000ee080000)
  to   space 7168K, 0% used [0x00000000f0300000,0x00000000f0300000,0x00000000f0a00000)
 ParOldGen       total 40960K, used 8634K [0x00000000c4000000, 0x00000000c6800000, 0x00000000ec000000)
  object space 40960K, 21% used [0x00000000c4000000,0x00000000c486e898,0x00000000c6800000)
 Metaspace       used 15256K, capacity 15458K, committed 15872K, reserved 1062912K
  class space    used 1853K, capacity 1939K, committed 2048K, reserved 1048576K
Event: 7.816 GC heap after
Heap after GC invocations=6 (full 0):
 PSYoungGen      total 68096K, used 5520K [0x00000000ec000000, 0x00000000f0b00000, 0x0000000100000000)
  eden space 60928K, 0% used [0x00000000ec000000,0x00000000ec000000,0x00000000efb80000)
  from space 7168K, 77% used [0x00000000f0300000,0x00000000f0864248,0x00000000f0a00000)
  to   space 7680K, 0% used [0x00000000efb80000,0x00000000efb80000,0x00000000f0300000)
 ParOldGen       total 40960K, used 8634K [0x00000000c4000000, 0x00000000c6800000, 0x00000000ec000000)
  object space 40960K, 21% used [0x00000000c4000000,0x00000000c486e898,0x00000000c6800000)
 Metaspace       used 15256K, capacity 15458K, committed 15872K, reserved 1062912K
  class space    used 1853K, capacity 1939K, committed 2048K, reserved 1048576K
}
Event: 28.907 GC heap before
{Heap before GC invocations=7 (full 0):
 PSYoungGen      total 68096K, used 66448K [0x00000000ec000000, 0x00000000f0b00000, 0x0000000100000000)
  eden space 60928K, 100% used [0x00000000ec000000,0x00000000efb80000,0x00000000efb80000)
  from space 7168K, 77% used [0x00000000f0300000,0x00000000f0864248,0x00000000f0a00000)
  to   space 7680K, 0% used [0x00000000efb80000,0x00000000efb80000,0x00000000f0300000)
 ParOldGen       total 40960K, used 8634K [0x00000000c4000000, 0x00000000c6800000, 0x00000000ec000000)
  object space 40960K, 21% used [0x00000000c4000000,0x00000000c486e898,0x00000000c6800000)
 Metaspace       used 18175K, capacity 18556K, committed 18816K, reserved 1064960K
  class space    used 2173K, capacity 2316K, committed 2432K, reserved 1048576K
Event: 29.308 GC heap after
Heap after GC invocations=7 (full 0):
 PSYoungGen      total 68608K, used 7680K [0x00000000ec000000, 0x00000000f4b00000, 0x0000000100000000)
  eden space 60928K, 0% used [0x00000000ec000000,0x00000000ec000000,0x00000000efb80000)
  from space 7680K, 100% used [0x00000000efb80000,0x00000000f0300000,0x00000000f0300000)
  to   space 10240K, 0% used [0x00000000f4100000,0x00000000f4100000,0x00000000f4b00000)
 ParOldGen       total 40960K, used 11894K [0x00000000c4000000, 0x00000000c6800000, 0x00000000ec000000)
  object space 40960K, 29% used [0x00000000c4000000,0x00000000c4b9d948,0x00000000c6800000)
 Metaspace       used 18175K, capacity 18556K, committed 18816K, reserved 1064960K
  class space    used 2173K, capacity 2316K, committed 2432K, reserved 1048576K
}
Event: 45.374 GC heap before
{Heap before GC invocations=8 (full 0):
 PSYoungGen      total 68608K, used 68608K [0x00000000ec000000, 0x00000000f4b00000, 0x0000000100000000)
  eden space 60928K, 100% used [0x00000000ec000000,0x00000000efb80000,0x00000000efb80000)
  from space 7680K, 100% used [0x00000000efb80000,0x00000000f0300000,0x00000000f0300000)
  to   space 10240K, 0% used [0x00000000f4100000,0x00000000f4100000,0x00000000f4b00000)
 ParOldGen       total 40960K, used 11894K [0x00000000c4000000, 0x00000000c6800000, 0x00000000ec000000)
  object space 40960K, 29% used [0x00000000c4000000,0x00000000c4b9d948,0x00000000c6800000)
 Metaspace       used 19153K, capacity 19562K, committed 19840K, reserved 1067008K
  class space    used 2247K, capacity 2392K, committed 2432K, reserved 1048576K
Event: 45.633 GC heap after
Heap after GC invocations=8 (full 0):
 PSYoungGen      total 131072K, used 9391K [0x00000000ec000000, 0x00000000f4d00000, 0x0000000100000000)
  eden space 120832K, 0% used [0x00000000ec000000,0x00000000ec000000,0x00000000f3600000)
  from space 10240K, 91% used [0x00000000f4100000,0x00000000f4a2bfb8,0x00000000f4b00000)
  to   space 11264K, 0% used [0x00000000f3600000,0x00000000f3600000,0x00000000f4100000)
 ParOldGen       total 40960K, used 12360K [0x00000000c4000000, 0x00000000c6800000, 0x00000000ec000000)
  object space 40960K, 30% used [0x00000000c4000000,0x00000000c4c12158,0x00000000c6800000)
 Metaspace       used 19153K, capacity 19562K, committed 19840K, reserved 1067008K
  class space    used 2247K, capacity 2392K, committed 2432K, reserved 1048576K
}
Event: 107.925 GC heap before
{Heap before GC invocations=9 (full 0):
 PSYoungGen      total 131072K, used 32375K [0x00000000ec000000, 0x00000000f4d00000, 0x0000000100000000)
  eden space 120832K, 19% used [0x00000000ec000000,0x00000000ed671e68,0x00000000f3600000)
  from space 10240K, 91% used [0x00000000f4100000,0x00000000f4a2bfb8,0x00000000f4b00000)
  to   space 11264K, 0% used [0x00000000f3600000,0x00000000f3600000,0x00000000f4100000)
 ParOldGen       total 40960K, used 12360K [0x00000000c4000000, 0x00000000c6800000, 0x00000000ec000000)
  object space 40960K, 30% used [0x00000000c4000000,0x00000000c4c12158,0x00000000c6800000)
 Metaspace       used 20726K, capacity 21161K, committed 21296K, reserved 1069056K
  class space    used 2411K, capacity 2560K, committed 2560K, reserved 1048576K

